Application/build/intermediates/manifest_merge_blame_file/debug/manifest-merger-blame-debug-report.txt
1<?xml version="1.0" encoding="utf-8"?>
2<!--
3 Copyright 2013 The Android Open Source Project
4
5 Licensed under the Apache License, Version 2.0 (the "License");
6 you may not use this file except in compliance with the License.
7 You may obtain a copy of the License at
8
9     http://www.apache.org/licenses/LICENSE-2.0
10
11 Unless required by applicable law or agreed to in writing, software
12 distributed under the License is distributed on an "AS IS" BASIS,
13 WITHOUT WARRANTIES OR CONDITIONS OF ANY KIND, either express or implied.
14 See the License for the specific language governing permissions and
15 limitations under the License.
16-->
17<manifest xmlns:android="http://schemas.android.com/apk/res/android"
18    package="com.example.android.bluetoothlegatt"
19    android:versionCode="1"
20    android:versionName="1.0" >
21
22    <uses-sdk
23        android:minSdkVersion="18"
23-->src\main\AndroidManifest.xml
24        android:targetSdkVersion="28" />
24-->src\main\AndroidManifest.xml
25
26    <uses-permission android:name="android.permission.BLUETOOTH" />
26-->src\main\AndroidManifest.xml:25:5-68
26-->src\main\AndroidManifest.xml:25:22-65
27    <uses-permission android:name="android.permission.BLUETOOTH_ADMIN" /> <!-- Required only if your app isn't using the Device Companion Manager. -->
27-->src\main\AndroidManifest.xml:26:5-74
27-->src\main\AndroidManifest.xml:26:22-71
28    <uses-permission android:name="android.permission.ACCESS_FINE_LOCATION" />
28-->src\main\AndroidManifest.xml:27:5-79
28-->src\main\AndroidManifest.xml:27:22-76
29
30    <uses-feature
30-->src\main\AndroidManifest.xml:29:5-31:35
31        android:name="android.hardware.bluetooth_le"
31-->src\main\AndroidManifest.xml:30:9-53
32        android:required="true" />
32-->src\main\AndroidManifest.xml:31:9-32
33    <!-- Min/target SDK versions (<uses-sdk>) managed by build.gradle -->
34
35
36    <!--
37    Declare this required feature if you want to make the app available to BLE-capable
38    devices only.  If you want to make your app available to devices that don't support BLE,
39    you should omit this in the manifest.  Instead, determine BLE capability by using
40    PackageManager.hasSystemFeature(FEATURE_BLUETOOTH_LE)
41    -->
42    <uses-feature
42-->src\main\AndroidManifest.xml:29:5-31:35
43        android:name="android.hardware.bluetooth_le"
43-->src\main\AndroidManifest.xml:30:9-53
44        android:required="true" />
44-->src\main\AndroidManifest.xml:31:9-32
45
46    <uses-permission android:name="android.permission.BLUETOOTH" />
46-->src\main\AndroidManifest.xml:25:5-68
46-->src\main\AndroidManifest.xml:25:22-65
47    <uses-permission android:name="android.permission.BLUETOOTH_ADMIN" />
47-->src\main\AndroidManifest.xml:26:5-74
47-->src\main\AndroidManifest.xml:26:22-71
48
49    <application
49-->src\main\AndroidManifest.xml:43:5-55:19
50        android:appComponentFactory="android.support.v4.app.CoreComponentFactory"
50-->[com.android.support:support-compat:28.0.0] AndroidManifest.xml:22:18-91
51        android:debuggable="true"
52        android:icon="@drawable/ic_launcher"
52-->src\main\AndroidManifest.xml:44:9-45
53        android:label="@string/app_name"
53-->src\main\AndroidManifest.xml:43:18-50
54        android:testOnly="true"
55        android:theme="@android:style/Theme.Holo.Light" >
55-->src\main\AndroidManifest.xml:45:9-56
56        <activity
56-->src\main\AndroidManifest.xml:46:9-52:20
57            android:name="com.example.android.bluetoothlegatt.DeviceScanActivity"
57-->src\main\AndroidManifest.xml:46:19-53
58            android:label="@string/app_name" >
58-->src\main\AndroidManifest.xml:47:13-45
59            <intent-filter>
59-->src\main\AndroidManifest.xml:48:13-51:29
60                <action android:name="android.intent.action.MAIN" />
60-->src\main\AndroidManifest.xml:49:17-68
60-->src\main\AndroidManifest.xml:49:25-66
61
62                <category android:name="android.intent.category.LAUNCHER" />
62-->src\main\AndroidManifest.xml:50:17-76
62-->src\main\AndroidManifest.xml:50:27-74
63            </intent-filter>
64        </activity>
65        <activity android:name="com.example.android.bluetoothlegatt.DeviceControlActivity" />
65-->src\main\AndroidManifest.xml:53:9-58
65-->src\main\AndroidManifest.xml:53:19-56
66
67        <service
67-->src\main\AndroidManifest.xml:54:9-77
68            android:name="com.example.android.bluetoothlegatt.BluetoothLeService"
68-->src\main\AndroidManifest.xml:54:18-52
69            android:enabled="true" />
69-->src\main\AndroidManifest.xml:54:53-75
70    </application>
71
72</manifest>